# JRE version: Java(TM) SE Runtime Environment (8.0_131-b11) (build 1.8.0_131-b11)
# Java VM: Java HotSpot(TM) 64-Bit Server VM (25.131-b11 mixed mode linux-amd64 compressed oops)
Heap:
 PSYoungGen      total 23040K, used 3190K [0x00000000e1380000, 0x00000000e2e00000, 0x0000000100000000)
  eden space 22528K, 14% used [0x00000000e1380000,0x00000000e1695bc0,0x00000000e2980000)
  from space 512K, 6% used [0x00000000e2d00000,0x00000000e2d08000,0x00000000e2d80000)
  to   space 512K, 0% used [0x00000000e2d80000,0x00000000e2d80000,0x00000000e2e00000)
 ParOldGen       total 243712K, used 19998K [0x00000000a3a00000, 0x00000000b2800000, 0x00000000e1380000)
  object space 243712K, 8% used [0x00000000a3a00000,0x00000000a4d87a48,0x00000000b2800000)
 Metaspace       used 3616K, capacity 4612K, committed 4864K, reserved 1056768K
  class space    used 412K, capacity 432K, committed 512K, reserved 1048576K
GC Heap History (10 events):
Event: 28,120 GC heap before
{Heap before GC invocations=39 (full 2):
 PSYoungGen      total 23040K, used 22528K [0x00000000e1380000, 0x00000000e2e00000, 0x0000000100000000)
  eden space 22528K, 100% used [0x00000000e1380000,0x00000000e2980000,0x00000000e2980000)
  from space 512K, 0% used [0x00000000e2d80000,0x00000000e2d80000,0x00000000e2e00000)
  to   space 512K, 0% used [0x00000000e2d00000,0x00000000e2d00000,0x00000000e2d80000)
 ParOldGen       total 243712K, used 19998K [0x00000000a3a00000, 0x00000000b2800000, 0x00000000e1380000)
  object space 243712K, 8% used [0x00000000a3a00000,0x00000000a4d87a48,0x00000000b2800000)
 Metaspace       used 3603K, capacity 4612K, committed 4864K, reserved 1056768K
  class space    used 410K, capacity 432K, committed 512K, reserved 1048576K
Event: 28,120 GC heap after
Heap after GC invocations=39 (full 2):
 PSYoungGen      total 23040K, used 64K [0x00000000e1380000, 0x00000000e2e00000, 0x0000000100000000)
  eden space 22528K, 0% used [0x00000000e1380000,0x00000000e1380000,0x00000000e2980000)
  from space 512K, 12% used [0x00000000e2d00000,0x00000000e2d10000,0x00000000e2d80000)
  to   space 512K, 0% used [0x00000000e2d80000,0x00000000e2d80000,0x00000000e2e00000)
 ParOldGen       total 243712K, used 19998K [0x00000000a3a00000, 0x00000000b2800000, 0x00000000e1380000)
  object space 243712K, 8% used [0x00000000a3a00000,0x00000000a4d87a48,0x00000000b2800000)
 Metaspace       used 3603K, capacity 4612K, committed 4864K, reserved 1056768K
  class space    used 410K, capacity 432K, committed 512K, reserved 1048576K
}
Event: 28,698 GC heap before
{Heap before GC invocations=40 (full 2):
 PSYoungGen      total 23040K, used 22592K [0x00000000e1380000, 0x00000000e2e00000, 0x0000000100000000)
  eden space 22528K, 100% used [0x00000000e1380000,0x00000000e2980000,0x00000000e2980000)
  from space 512K, 12% used [0x00000000e2d00000,0x00000000e2d10000,0x00000000e2d80000)
  to   space 512K, 0% used [0x00000000e2d80000,0x00000000e2d80000,0x00000000e2e00000)
 ParOldGen       total 243712K, used 19998K [0x00000000a3a00000, 0x00000000b2800000, 0x00000000e1380000)
  object space 243712K, 8% used [0x00000000a3a00000,0x00000000a4d87a48,0x00000000b2800000)
 Metaspace       used 3603K, capacity 4612K, committed 4864K, reserved 1056768K
  class space    used 410K, capacity 432K, committed 512K, reserved 1048576K
Event: 28,698 GC heap after
Heap after GC invocations=40 (full 2):
 PSYoungGen      total 23040K, used 32K [0x00000000e1380000, 0x00000000e2e00000, 0x0000000100000000)
  eden space 22528K, 0% used [0x00000000e1380000,0x00000000e1380000,0x00000000e2980000)
  from space 512K, 6% used [0x00000000e2d80000,0x00000000e2d88000,0x00000000e2e00000)
  to   space 512K, 0% used [0x00000000e2d00000,0x00000000e2d00000,0x00000000e2d80000)
 ParOldGen       total 243712K, used 19998K [0x00000000a3a00000, 0x00000000b2800000, 0x00000000e1380000)
  object space 243712K, 8% used [0x00000000a3a00000,0x00000000a4d87a48,0x00000000b2800000)
 Metaspace       used 3603K, capacity 4612K, committed 4864K, reserved 1056768K
  class space    used 410K, capacity 432K, committed 512K, reserved 1048576K
}
Event: 29,294 GC heap before
{Heap before GC invocations=41 (full 2):
 PSYoungGen      total 23040K, used 22560K [0x00000000e1380000, 0x00000000e2e00000, 0x0000000100000000)
  eden space 22528K, 100% used [0x00000000e1380000,0x00000000e2980000,0x00000000e2980000)
  from space 512K, 6% used [0x00000000e2d80000,0x00000000e2d88000,0x00000000e2e00000)
  to   space 512K, 0% used [0x00000000e2d00000,0x00000000e2d00000,0x00000000e2d80000)
 ParOldGen       total 243712K, used 19998K [0x00000000a3a00000, 0x00000000b2800000, 0x00000000e1380000)
  object space 243712K, 8% used [0x00000000a3a00000,0x00000000a4d87a48,0x00000000b2800000)
 Metaspace       used 3603K, capacity 4612K, committed 4864K, reserved 1056768K
  class space    used 410K, capacity 432K, committed 512K, reserved 1048576K
Event: 29,295 GC heap after
Heap after GC invocations=41 (full 2):
 PSYoungGen      total 23040K, used 0K [0x00000000e1380000, 0x00000000e2e00000, 0x0000000100000000)
  eden space 22528K, 0% used [0x00000000e1380000,0x00000000e1380000,0x00000000e2980000)
  from space 512K, 0% used [0x00000000e2d00000,0x00000000e2d00000,0x00000000e2d80000)
  to   space 512K, 0% used [0x00000000e2d80000,0x00000000e2d80000,0x00000000e2e00000)
 ParOldGen       total 243712K, used 19998K [0x00000000a3a00000, 0x00000000b2800000, 0x00000000e1380000)
  object space 243712K, 8% used [0x00000000a3a00000,0x00000000a4d87a48,0x00000000b2800000)
 Metaspace       used 3603K, capacity 4612K, committed 4864K, reserved 1056768K
  class space    used 410K, capacity 432K, committed 512K, reserved 1048576K
}
Event: 29,833 GC heap before
{Heap before GC invocations=42 (full 2):
 PSYoungGen      total 23040K, used 22528K [0x00000000e1380000, 0x00000000e2e00000, 0x0000000100000000)
  eden space 22528K, 100% used [0x00000000e1380000,0x00000000e2980000,0x00000000e2980000)
  from space 512K, 0% used [0x00000000e2d00000,0x00000000e2d00000,0x00000000e2d80000)
  to   space 512K, 0% used [0x00000000e2d80000,0x00000000e2d80000,0x00000000e2e00000)
 ParOldGen       total 243712K, used 19998K [0x00000000a3a00000, 0x00000000b2800000, 0x00000000e1380000)
  object space 243712K, 8% used [0x00000000a3a00000,0x00000000a4d87a48,0x00000000b2800000)
 Metaspace       used 3603K, capacity 4612K, committed 4864K, reserved 1056768K
  class space    used 410K, capacity 432K, committed 512K, reserved 1048576K
Event: 29,834 GC heap after
Heap after GC invocations=42 (full 2):
 PSYoungGen      total 23040K, used 0K [0x00000000e1380000, 0x00000000e2e00000, 0x0000000100000000)
  eden space 22528K, 0% used [0x00000000e1380000,0x00000000e1380000,0x00000000e2980000)
  from space 512K, 0% used [0x00000000e2d80000,0x00000000e2d80000,0x00000000e2e00000)
  to   space 512K, 0% used [0x00000000e2d00000,0x00000000e2d00000,0x00000000e2d80000)
 ParOldGen       total 243712K, used 19998K [0x00000000a3a00000, 0x00000000b2800000, 0x00000000e1380000)
  object space 243712K, 8% used [0x00000000a3a00000,0x00000000a4d87a48,0x00000000b2800000)
 Metaspace       used 3603K, capacity 4612K, committed 4864K, reserved 1056768K
  class space    used 410K, capacity 432K, committed 512K, reserved 1048576K
}
Event: 30,258 GC heap before
{Heap before GC invocations=43 (full 2):
 PSYoungGen      total 23040K, used 22528K [0x00000000e1380000, 0x00000000e2e00000, 0x0000000100000000)
  eden space 22528K, 100% used [0x00000000e1380000,0x00000000e2980000,0x00000000e2980000)
  from space 512K, 0% used [0x00000000e2d80000,0x00000000e2d80000,0x00000000e2e00000)
  to   space 512K, 0% used [0x00000000e2d00000,0x00000000e2d00000,0x00000000e2d80000)
 ParOldGen       total 243712K, used 19998K [0x00000000a3a00000, 0x00000000b2800000, 0x00000000e1380000)
  object space 243712K, 8% used [0x00000000a3a00000,0x00000000a4d87a48,0x00000000b2800000)
 Metaspace       used 3603K, capacity 4612K, committed 4864K, reserved 1056768K
  class space    used 410K, capacity 432K, committed 512K, reserved 1048576K
Event: 30,258 GC heap after
Heap after GC invocations=43 (full 2):
 PSYoungGen      total 23040K, used 32K [0x00000000e1380000, 0x00000000e2e00000, 0x0000000100000000)
  eden space 22528K, 0% used [0x00000000e1380000,0x00000000e1380000,0x00000000e2980000)
  from space 512K, 6% used [0x00000000e2d00000,0x00000000e2d08000,0x00000000e2d80000)
  to   space 512K, 0% used [0x00000000e2d80000,0x00000000e2d80000,0x00000000e2e00000)
 ParOldGen       total 243712K, used 19998K [0x00000000a3a00000, 0x00000000b2800000, 0x00000000e1380000)
  object space 243712K, 8% used [0x00000000a3a00000,0x00000000a4d87a48,0x00000000b2800000)
 Metaspace       used 3603K, capacity 4612K, committed 4864K, reserved 1056768K
  class space    used 410K, capacity 432K, committed 512K, reserved 1048576K
}

