# JRE version: Java(TM) SE Runtime Environment (8.0_131-b11) (build 1.8.0_131-b11)
# Java VM: Java HotSpot(TM) 64-Bit Server VM (25.131-b11 mixed mode linux-amd64 compressed oops)
Heap:
 PSYoungGen      total 22016K, used 21536K [0x00000000e1380000, 0x00000000e2a80000, 0x0000000100000000)
  eden space 21504K, 100% used [0x00000000e1380000,0x00000000e2880000,0x00000000e2880000)
  from space 512K, 6% used [0x00000000e2980000,0x00000000e2988000,0x00000000e2a00000)
  to   space 512K, 0% used [0x00000000e2a00000,0x00000000e2a00000,0x00000000e2a80000)
 ParOldGen       total 64512K, used 39594K [0x00000000a3a00000, 0x00000000a7900000, 0x00000000e1380000)
  object space 64512K, 61% used [0x00000000a3a00000,0x00000000a60aaa80,0x00000000a7900000)
 Metaspace       used 3593K, capacity 4616K, committed 4864K, reserved 1056768K
  class space    used 410K, capacity 432K, committed 512K, reserved 1048576K
GC Heap History (10 events):
Event: 22,746 GC heap before
{Heap before GC invocations=63 (full 0):
 PSYoungGen      total 22016K, used 21536K [0x00000000e1380000, 0x00000000e2a80000, 0x0000000100000000)
  eden space 21504K, 100% used [0x00000000e1380000,0x00000000e2880000,0x00000000e2880000)
  from space 512K, 6% used [0x00000000e2a00000,0x00000000e2a08000,0x00000000e2a80000)
  to   space 512K, 0% used [0x00000000e2980000,0x00000000e2980000,0x00000000e2a00000)
 ParOldGen       total 64512K, used 39594K [0x00000000a3a00000, 0x00000000a7900000, 0x00000000e1380000)
  object space 64512K, 61% used [0x00000000a3a00000,0x00000000a60aaa80,0x00000000a7900000)
 Metaspace       used 3587K, capacity 4612K, committed 4864K, reserved 1056768K
  class space    used 409K, capacity 432K, committed 512K, reserved 1048576K
Event: 22,747 GC heap after
Heap after GC invocations=63 (full 0):
 PSYoungGen      total 22016K, used 0K [0x00000000e1380000, 0x00000000e2a80000, 0x0000000100000000)
  eden space 21504K, 0% used [0x00000000e1380000,0x00000000e1380000,0x00000000e2880000)
  from space 512K, 0% used [0x00000000e2980000,0x00000000e2980000,0x00000000e2a00000)
  to   space 512K, 0% used [0x00000000e2a00000,0x00000000e2a00000,0x00000000e2a80000)
 ParOldGen       total 64512K, used 39594K [0x00000000a3a00000, 0x00000000a7900000, 0x00000000e1380000)
  object space 64512K, 61% used [0x00000000a3a00000,0x00000000a60aaa80,0x00000000a7900000)
 Metaspace       used 3587K, capacity 4612K, committed 4864K, reserved 1056768K
  class space    used 409K, capacity 432K, committed 512K, reserved 1048576K
}
Event: 23,057 GC heap before
{Heap before GC invocations=64 (full 0):
 PSYoungGen      total 22016K, used 21504K [0x00000000e1380000, 0x00000000e2a80000, 0x0000000100000000)
  eden space 21504K, 100% used [0x00000000e1380000,0x00000000e2880000,0x00000000e2880000)
  from space 512K, 0% used [0x00000000e2980000,0x00000000e2980000,0x00000000e2a00000)
  to   space 512K, 0% used [0x00000000e2a00000,0x00000000e2a00000,0x00000000e2a80000)
 ParOldGen       total 64512K, used 39594K [0x00000000a3a00000, 0x00000000a7900000, 0x00000000e1380000)
  object space 64512K, 61% used [0x00000000a3a00000,0x00000000a60aaa80,0x00000000a7900000)
 Metaspace       used 3587K, capacity 4612K, committed 4864K, reserved 1056768K
  class space    used 409K, capacity 432K, committed 512K, reserved 1048576K
Event: 23,058 GC heap after
Heap after GC invocations=64 (full 0):
 PSYoungGen      total 22016K, used 32K [0x00000000e1380000, 0x00000000e2a80000, 0x0000000100000000)
  eden space 21504K, 0% used [0x00000000e1380000,0x00000000e1380000,0x00000000e2880000)
  from space 512K, 6% used [0x00000000e2a00000,0x00000000e2a08000,0x00000000e2a80000)
  to   space 512K, 0% used [0x00000000e2980000,0x00000000e2980000,0x00000000e2a00000)
 ParOldGen       total 64512K, used 39594K [0x00000000a3a00000, 0x00000000a7900000, 0x00000000e1380000)
  object space 64512K, 61% used [0x00000000a3a00000,0x00000000a60aaa80,0x00000000a7900000)
 Metaspace       used 3587K, capacity 4612K, committed 4864K, reserved 1056768K
  class space    used 409K, capacity 432K, committed 512K, reserved 1048576K
}
Event: 23,396 GC heap before
{Heap before GC invocations=65 (full 0):
 PSYoungGen      total 22016K, used 21536K [0x00000000e1380000, 0x00000000e2a80000, 0x0000000100000000)
  eden space 21504K, 100% used [0x00000000e1380000,0x00000000e2880000,0x00000000e2880000)
  from space 512K, 6% used [0x00000000e2a00000,0x00000000e2a08000,0x00000000e2a80000)
  to   space 512K, 0% used [0x00000000e2980000,0x00000000e2980000,0x00000000e2a00000)
 ParOldGen       total 64512K, used 39594K [0x00000000a3a00000, 0x00000000a7900000, 0x00000000e1380000)
  object space 64512K, 61% used [0x00000000a3a00000,0x00000000a60aaa80,0x00000000a7900000)
 Metaspace       used 3587K, capacity 4612K, committed 4864K, reserved 1056768K
  class space    used 409K, capacity 432K, committed 512K, reserved 1048576K
Event: 23,397 GC heap after
Heap after GC invocations=65 (full 0):
 PSYoungGen      total 22016K, used 32K [0x00000000e1380000, 0x00000000e2a80000, 0x0000000100000000)
  eden space 21504K, 0% used [0x00000000e1380000,0x00000000e1380000,0x00000000e2880000)
  from space 512K, 6% used [0x00000000e2980000,0x00000000e2988000,0x00000000e2a00000)
  to   space 512K, 0% used [0x00000000e2a00000,0x00000000e2a00000,0x00000000e2a80000)
 ParOldGen       total 64512K, used 39594K [0x00000000a3a00000, 0x00000000a7900000, 0x00000000e1380000)
  object space 64512K, 61% used [0x00000000a3a00000,0x00000000a60aaa80,0x00000000a7900000)
 Metaspace       used 3587K, capacity 4612K, committed 4864K, reserved 1056768K
  class space    used 409K, capacity 432K, committed 512K, reserved 1048576K
}
Event: 23,687 GC heap before
{Heap before GC invocations=66 (full 0):
 PSYoungGen      total 22016K, used 21536K [0x00000000e1380000, 0x00000000e2a80000, 0x0000000100000000)
  eden space 21504K, 100% used [0x00000000e1380000,0x00000000e2880000,0x00000000e2880000)
  from space 512K, 6% used [0x00000000e2980000,0x00000000e2988000,0x00000000e2a00000)
  to   space 512K, 0% used [0x00000000e2a00000,0x00000000e2a00000,0x00000000e2a80000)
 ParOldGen       total 64512K, used 39594K [0x00000000a3a00000, 0x00000000a7900000, 0x00000000e1380000)
  object space 64512K, 61% used [0x00000000a3a00000,0x00000000a60aaa80,0x00000000a7900000)
 Metaspace       used 3587K, capacity 4612K, committed 4864K, reserved 1056768K
  class space    used 409K, capacity 432K, committed 512K, reserved 1048576K
Event: 23,688 GC heap after
Heap after GC invocations=66 (full 0):
 PSYoungGen      total 22016K, used 0K [0x00000000e1380000, 0x00000000e2a80000, 0x0000000100000000)
  eden space 21504K, 0% used [0x00000000e1380000,0x00000000e1380000,0x00000000e2880000)
  from space 512K, 0% used [0x00000000e2a00000,0x00000000e2a00000,0x00000000e2a80000)
  to   space 512K, 0% used [0x00000000e2980000,0x00000000e2980000,0x00000000e2a00000)
 ParOldGen       total 64512K, used 39594K [0x00000000a3a00000, 0x00000000a7900000, 0x00000000e1380000)
  object space 64512K, 61% used [0x00000000a3a00000,0x00000000a60aaa80,0x00000000a7900000)
 Metaspace       used 3587K, capacity 4612K, committed 4864K, reserved 1056768K
  class space    used 409K, capacity 432K, committed 512K, reserved 1048576K
}
Event: 23,964 GC heap before
{Heap before GC invocations=67 (full 0):
 PSYoungGen      total 22016K, used 21504K [0x00000000e1380000, 0x00000000e2a80000, 0x0000000100000000)
  eden space 21504K, 100% used [0x00000000e1380000,0x00000000e2880000,0x00000000e2880000)
  from space 512K, 0% used [0x00000000e2a00000,0x00000000e2a00000,0x00000000e2a80000)
  to   space 512K, 0% used [0x00000000e2980000,0x00000000e2980000,0x00000000e2a00000)
 ParOldGen       total 64512K, used 39594K [0x00000000a3a00000, 0x00000000a7900000, 0x00000000e1380000)
  object space 64512K, 61% used [0x00000000a3a00000,0x00000000a60aaa80,0x00000000a7900000)
 Metaspace       used 3587K, capacity 4612K, committed 4864K, reserved 1056768K
  class space    used 409K, capacity 432K, committed 512K, reserved 1048576K
Event: 23,964 GC heap after
Heap after GC invocations=67 (full 0):
 PSYoungGen      total 22016K, used 32K [0x00000000e1380000, 0x00000000e2a80000, 0x0000000100000000)
  eden space 21504K, 0% used [0x00000000e1380000,0x00000000e1380000,0x00000000e2880000)
  from space 512K, 6% used [0x00000000e2980000,0x00000000e2988000,0x00000000e2a00000)
  to   space 512K, 0% used [0x00000000e2a00000,0x00000000e2a00000,0x00000000e2a80000)
 ParOldGen       total 64512K, used 39594K [0x00000000a3a00000, 0x00000000a7900000, 0x00000000e1380000)
  object space 64512K, 61% used [0x00000000a3a00000,0x00000000a60aaa80,0x00000000a7900000)
 Metaspace       used 3587K, capacity 4612K, committed 4864K, reserved 1056768K
  class space    used 409K, capacity 432K, committed 512K, reserved 1048576K
}

